Using pre-set license
Built from '2021.2/staging' branch; Version is '2021.2.18f1 (0c6e675195cf) revision 814695'; Using compiler version '192829333'; Build Type 'Release'
OS: 'Windows 10  (10.0.19043) 64bit Professional' Language: 'en' Physical Memory: 32694 MB
BatchMode: 1, IsHumanControllingUs: 0, StartBugReporterOnCrash: 0, Is64bit: 1, IsPro: 1

COMMAND LINE ARGUMENTS:
E:\Programs\Unity\2021.2.18f1\Editor\Unity.exe
-adb2
-batchMode
-noUpm
-name
AssetImportWorker2
-projectPath
D:/Projects/Unity/Platformer Course
-logFile
Logs/AssetImportWorker2.log
-srvPort
57568
Successfully changed project path to: D:/Projects/Unity/Platformer Course
D:/Projects/Unity/Platformer Course
[UnityMemory] Configuration Parameters - Can be set up in boot.config
    "memorysetup-bucket-allocator-granularity=16"
    "memorysetup-bucket-allocator-bucket-count=8"
    "memorysetup-bucket-allocator-block-size=33554432"
    "memorysetup-bucket-allocator-block-count=8"
    "memorysetup-main-allocator-block-size=16777216"
    "memorysetup-thread-allocator-block-size=16777216"
    "memorysetup-gfx-main-allocator-block-size=16777216"
    "memorysetup-gfx-thread-allocator-block-size=16777216"
    "memorysetup-cache-allocator-block-size=4194304"
    "memorysetup-typetree-allocator-block-size=2097152"
    "memorysetup-profiler-bucket-allocator-granularity=16"
    "memorysetup-profiler-bucket-allocator-bucket-count=8"
    "memorysetup-profiler-bucket-allocator-block-size=33554432"
    "memorysetup-profiler-bucket-allocator-block-count=8"
    "memorysetup-profiler-allocator-block-size=16777216"
    "memorysetup-profiler-editor-allocator-block-size=1048576"
    "memorysetup-temp-allocator-size-main=16777216"
    "memorysetup-job-temp-allocator-block-size=2097152"
    "memorysetup-job-temp-allocator-block-size-background=1048576"
    "memorysetup-job-temp-allocator-reduction-small-platforms=262144"
    "memorysetup-temp-allocator-size-background-worker=32768"
    "memorysetup-temp-allocator-size-job-worker=262144"
    "memorysetup-temp-allocator-size-preload-manager=33554432"
    "memorysetup-temp-allocator-size-nav-mesh-worker=65536"
    "memorysetup-temp-allocator-size-audio-worker=65536"
    "memorysetup-temp-allocator-size-cloud-worker=32768"
    "memorysetup-temp-allocator-size-gi-baking-worker=262144"
    "memorysetup-temp-allocator-size-gfx=262144"
Refreshing native plugins compatible for Editor in 83.65 ms, found 4 plugins.
Preloading 0 native plugins for Editor in 0.00 ms.
Initialize engine version: 2021.2.18f1 (0c6e675195cf)
[Subsystems] Discovering subsystems at path E:/Programs/Unity/2021.2.18f1/Editor/Data/Resources/UnitySubsystems
[Subsystems] Discovering subsystems at path D:/Projects/Unity/Platformer Course/Assets
GfxDevice: creating device client; threaded=0; jobified=0
Direct3D:
    Version:  Direct3D 11.0 [level 11.1]
    Renderer: NVIDIA GeForce GTX 1660 SUPER (ID=0x21c4)
    Vendor:   NVIDIA
    VRAM:     5992 MB
    Driver:   30.0.15.1179
Initialize mono
Mono path[0] = 'E:/Programs/Unity/2021.2.18f1/Editor/Data/Managed'
Mono path[1] = 'E:/Programs/Unity/2021.2.18f1/Editor/Data/MonoBleedingEdge/lib/mono/unityjit-win32'
Mono config path = 'E:/Programs/Unity/2021.2.18f1/Editor/Data/MonoBleedingEdge/etc'
Using monoOptions --debugger-agent=transport=dt_socket,embedding=1,server=y,suspend=n,address=127.0.0.1:56804
Begin MonoManager ReloadAssembly
Registering precompiled unity dll's ...
Register platform support module: E:/Programs/Unity/2021.2.18f1/Editor/Data/PlaybackEngines/WebGLSupport/UnityEditor.WebGL.Extensions.dll
Register platform support module: E:/Programs/Unity/2021.2.18f1/Editor/Data/PlaybackEngines/AndroidPlayer/UnityEditor.Android.Extensions.dll
Register platform support module: E:/Programs/Unity/2021.2.18f1/Editor/Data/PlaybackEngines/WindowsStandaloneSupport/UnityEditor.WindowsStandalone.Extensions.dll
Register platform support module: E:/Programs/Unity/2021.2.18f1/Editor/Data/PlaybackEngines/MetroSupport/UnityEditor.UWP.Extensions.dll
Registered in 0.003234 seconds.
Native extension for UWP target not found
Native extension for WindowsStandalone target not found
Native extension for Android target not found
Native extension for WebGL target not found
Refreshing native plugins compatible for Editor in 79.97 ms, found 4 plugins.
Preloading 0 native plugins for Editor in 0.00 ms.
Mono: successfully reloaded assembly
- Completed reload, in  0.536 seconds
Domain Reload Profiling:
	ReloadAssembly (536ms)
		BeginReloadAssembly (57ms)
			ExecutionOrderSort (0ms)
			DisableScriptedObjects (0ms)
			BackupInstance (0ms)
			ReleaseScriptingObjects (0ms)
			CreateAndSetChildDomain (1ms)
		EndReloadAssembly (395ms)
			LoadAssemblies (57ms)
			RebuildTransferFunctionScriptingTraits (0ms)
			SetupTypeCache (87ms)
			ReleaseScriptCaches (0ms)
			RebuildScriptCaches (27ms)
			SetupLoadedEditorAssemblies (241ms)
				LogAssemblyErrors (0ms)
				InitializePlatformSupportModulesInManaged (36ms)
				SetLoadedEditorAssemblies (0ms)
				RefreshPlugins (80ms)
				BeforeProcessingInitializeOnLoad (1ms)
				ProcessInitializeOnLoadAttributes (86ms)
				ProcessInitializeOnLoadMethodAttributes (37ms)
				AfterProcessingInitializeOnLoad (0ms)
				EditorAssembliesLoaded (0ms)
			ExecutionOrderSort2 (0ms)
			AwakeInstancesAfterBackupRestoration (0ms)
Platform modules already initialized, skipping
Registering precompiled user dll's ...
Registered in 0.004851 seconds.
Begin MonoManager ReloadAssembly
Symbol file LoadedFromMemory doesn't match image D:\Projects\Unity\Platformer Course\Library\PackageCache\com.unity.visualscripting@1.7.6\Editor\VisualScripting.Core\Dependencies\YamlDotNet\Unity.VisualScripting.YamlDotNet.dll
Symbol file LoadedFromMemory doesn't match image D:\Projects\Unity\Platformer Course\Library\PackageCache\com.unity.visualscripting@1.7.6\Editor\VisualScripting.Core\Dependencies\DotNetZip\Unity.VisualScripting.IonicZip.dll
Native extension for UWP target not found
Native extension for WindowsStandalone target not found
Native extension for Android target not found
Native extension for WebGL target not found
Refreshing native plugins compatible for Editor in 78.35 ms, found 4 plugins.
Preloading 0 native plugins for Editor in 0.00 ms.
Mono: successfully reloaded assembly
- Completed reload, in  1.345 seconds
Domain Reload Profiling:
	ReloadAssembly (1346ms)
		BeginReloadAssembly (93ms)
			ExecutionOrderSort (0ms)
			DisableScriptedObjects (6ms)
			BackupInstance (0ms)
			ReleaseScriptingObjects (0ms)
			CreateAndSetChildDomain (19ms)
		EndReloadAssembly (1163ms)
			LoadAssemblies (67ms)
			RebuildTransferFunctionScriptingTraits (0ms)
			SetupTypeCache (193ms)
			ReleaseScriptCaches (1ms)
			RebuildScriptCaches (55ms)
			SetupLoadedEditorAssemblies (809ms)
				LogAssemblyErrors (0ms)
				InitializePlatformSupportModulesInManaged (12ms)
				SetLoadedEditorAssemblies (0ms)
				RefreshPlugins (78ms)
				BeforeProcessingInitializeOnLoad (79ms)
				ProcessInitializeOnLoadAttributes (607ms)
				ProcessInitializeOnLoadMethodAttributes (30ms)
				AfterProcessingInitializeOnLoad (2ms)
				EditorAssembliesLoaded (0ms)
			ExecutionOrderSort2 (0ms)
			AwakeInstancesAfterBackupRestoration (4ms)
Platform modules already initialized, skipping
========================================================================
Worker process is ready to serve import requests
Launched and connected shader compiler UnityShaderCompiler.exe after 0.05 seconds
Refreshing native plugins compatible for Editor in 1.00 ms, found 4 plugins.
Preloading 0 native plugins for Editor in 0.00 ms.
Unloading 3912 Unused Serialized files (Serialized files now loaded: 0)
Unloading 40 unused Assets / (225.4 KB). Loaded Objects now: 4367.
Memory consumption went from 146.9 MB to 146.7 MB.
Total: 3.551500 ms (FindLiveObjects: 0.370300 ms CreateObjectMapping: 0.114600 ms MarkObjects: 2.920900 ms  DeleteObjects: 0.144200 ms)

AssetImportParameters requested are different than current active one (requested -> active):
  custom:video-decoder-ogg-theora: a1e56fd34408186e4bbccfd4996cb3dc -> 
  custom:container-muxer-webm: aa71ff27fc2769a1b78a27578f13a17b -> 
  custom:container-demuxer-webm: 4f35f7cbe854078d1ac9338744f61a02 -> 
  custom:video-encoder-webm-vp8: eb34c28f22e8b96e1ab97ce403110664 -> 
  custom:audio-encoder-webm-vorbis: bf7c407c2cedff20999df2af8eb42d56 -> 
  custom:framework-win-MediaFoundation: 216162199b28c13a410421893ffa2e32 -> 
  custom:container-demuxer-ogg: 62fdf1f143b41e24485cea50d1cbac27 -> 
  custom:video-decoder-webm-vp8: 9c59270c3fd7afecdb556c50c9e8de78 -> 
  custom:audio-decoder-ogg-vorbis: bf7c407c2cedff20999df2af8eb42d56 -> 
========================================================================
Received Import Request.
  Time since last request: 378224.969146 seconds.
  path: Assets/2D Platformer Assets/Graphics/Player/player-idle.png
  artifactKey: Guid(d0ff653f4b4d3f14dab1926a9ed3efb6) Importer(815301076,1909f56bfc062723c751e8b465ee728b)
Start importing Assets/2D Platformer Assets/Graphics/Player/player-idle.png using Guid(d0ff653f4b4d3f14dab1926a9ed3efb6) Importer(815301076,1909f56bfc062723c751e8b465ee728b)  -> (artifact id: '09397b1a67b00b9549bc759e27e22485') in 0.121710 seconds 
========================================================================
Received Import Request.
  Time since last request: 77.242712 seconds.
  path: Assets/2D Platformer Assets/Graphics/Player/player-idle.png
  artifactKey: Guid(d0ff653f4b4d3f14dab1926a9ed3efb6) Importer(815301076,1909f56bfc062723c751e8b465ee728b)
Start importing Assets/2D Platformer Assets/Graphics/Player/player-idle.png using Guid(d0ff653f4b4d3f14dab1926a9ed3efb6) Importer(815301076,1909f56bfc062723c751e8b465ee728b)  -> (artifact id: 'e36c51d487edc103cbdce290bc9f2c51') in 0.018406 seconds 
========================================================================
Received Import Request.
  Time since last request: 75.305946 seconds.
  path: Assets/2D Platformer Assets/Graphics/Player/player-idle.png
  artifactKey: Guid(d0ff653f4b4d3f14dab1926a9ed3efb6) Importer(815301076,1909f56bfc062723c751e8b465ee728b)
Start importing Assets/2D Platformer Assets/Graphics/Player/player-idle.png using Guid(d0ff653f4b4d3f14dab1926a9ed3efb6) Importer(815301076,1909f56bfc062723c751e8b465ee728b)  -> (artifact id: '76a5e79bedc07c846efc93cba4d73491') in 0.014566 seconds 
========================================================================
Received Import Request.
  Time since last request: 7.465897 seconds.
  path: Assets/2D Platformer Assets/Graphics/Player/player-idle.png
  artifactKey: Guid(d0ff653f4b4d3f14dab1926a9ed3efb6) Importer(815301076,1909f56bfc062723c751e8b465ee728b)
Start importing Assets/2D Platformer Assets/Graphics/Player/player-idle.png using Guid(d0ff653f4b4d3f14dab1926a9ed3efb6) Importer(815301076,1909f56bfc062723c751e8b465ee728b)  -> (artifact id: '733dba10029004c294e5ecf177bf03ac') in 0.015554 seconds 
========================================================================
Received Import Request.
  Time since last request: 3.446731 seconds.
  path: Assets/2D Platformer Assets/Graphics/Player/player-idle.png
  artifactKey: Guid(d0ff653f4b4d3f14dab1926a9ed3efb6) Importer(815301076,1909f56bfc062723c751e8b465ee728b)
Start importing Assets/2D Platformer Assets/Graphics/Player/player-idle.png using Guid(d0ff653f4b4d3f14dab1926a9ed3efb6) Importer(815301076,1909f56bfc062723c751e8b465ee728b)  -> (artifact id: 'a21228618c93c5ab167542199462ef0c') in 0.010419 seconds 
========================================================================
Received Import Request.
  Time since last request: 11.338109 seconds.
  path: Assets/2D Platformer Assets/Graphics/Player/player-idle.png
  artifactKey: Guid(d0ff653f4b4d3f14dab1926a9ed3efb6) Importer(815301076,1909f56bfc062723c751e8b465ee728b)
Start importing Assets/2D Platformer Assets/Graphics/Player/player-idle.png using Guid(d0ff653f4b4d3f14dab1926a9ed3efb6) Importer(815301076,1909f56bfc062723c751e8b465ee728b)  -> (artifact id: 'ca33bf5b1f170d3e064e42ea4febc998') in 0.016609 seconds 
========================================================================
Received Import Request.
  Time since last request: 225.564517 seconds.
  path: Assets/2D Platformer Assets/Graphics/Player/player-idle.png
  artifactKey: Guid(d0ff653f4b4d3f14dab1926a9ed3efb6) Importer(815301076,1909f56bfc062723c751e8b465ee728b)
Start importing Assets/2D Platformer Assets/Graphics/Player/player-idle.png using Guid(d0ff653f4b4d3f14dab1926a9ed3efb6) Importer(815301076,1909f56bfc062723c751e8b465ee728b)  -> (artifact id: '9dd83f2ce077ba19582cd7bf1da398d6') in 0.015596 seconds 
========================================================================
Received Import Request.
  Time since last request: 12.511647 seconds.
  path: Assets/2D Platformer Assets/Graphics/Player/player-idle.png
  artifactKey: Guid(d0ff653f4b4d3f14dab1926a9ed3efb6) Importer(815301076,1909f56bfc062723c751e8b465ee728b)
Start importing Assets/2D Platformer Assets/Graphics/Player/player-idle.png using Guid(d0ff653f4b4d3f14dab1926a9ed3efb6) Importer(815301076,1909f56bfc062723c751e8b465ee728b)  -> (artifact id: '13f99aae46e5f51b99db210928da9703') in 0.011122 seconds 
========================================================================
Received Import Request.
  Time since last request: 6.815226 seconds.
  path: Assets/2D Platformer Assets/Graphics/Player/player-idle.png
  artifactKey: Guid(d0ff653f4b4d3f14dab1926a9ed3efb6) Importer(815301076,1909f56bfc062723c751e8b465ee728b)
Start importing Assets/2D Platformer Assets/Graphics/Player/player-idle.png using Guid(d0ff653f4b4d3f14dab1926a9ed3efb6) Importer(815301076,1909f56bfc062723c751e8b465ee728b)  -> (artifact id: '2821d93adb4a9a161e4b35775311d7d5') in 0.013264 seconds 
========================================================================
Received Import Request.
  Time since last request: 7.110392 seconds.
  path: Assets/2D Platformer Assets/Graphics/Player/player-idle.png
  artifactKey: Guid(d0ff653f4b4d3f14dab1926a9ed3efb6) Importer(815301076,1909f56bfc062723c751e8b465ee728b)
Start importing Assets/2D Platformer Assets/Graphics/Player/player-idle.png using Guid(d0ff653f4b4d3f14dab1926a9ed3efb6) Importer(815301076,1909f56bfc062723c751e8b465ee728b)  -> (artifact id: 'c0f8917755ef67467ea272671a9d4462') in 0.011671 seconds 
========================================================================
Received Import Request.
  Time since last request: 192.574163 seconds.
  path: Assets/2D Platformer Assets/Graphics/Player/player-idle.png
  artifactKey: Guid(d0ff653f4b4d3f14dab1926a9ed3efb6) Importer(815301076,1909f56bfc062723c751e8b465ee728b)
Start importing Assets/2D Platformer Assets/Graphics/Player/player-idle.png using Guid(d0ff653f4b4d3f14dab1926a9ed3efb6) Importer(815301076,1909f56bfc062723c751e8b465ee728b)  -> (artifact id: 'b8fe44c8839f211e9e89f6f2177f62b0') in 0.013222 seconds 
========================================================================
Received Import Request.
  Time since last request: 66.916018 seconds.
  path: Assets/2D Platformer Assets/Graphics/Player/player-idle.png
  artifactKey: Guid(d0ff653f4b4d3f14dab1926a9ed3efb6) Importer(815301076,1909f56bfc062723c751e8b465ee728b)
Start importing Assets/2D Platformer Assets/Graphics/Player/player-idle.png using Guid(d0ff653f4b4d3f14dab1926a9ed3efb6) Importer(815301076,1909f56bfc062723c751e8b465ee728b)  -> (artifact id: '041c84a2a3b2414d0f0bcd3af44c9f8a') in 0.032014 seconds 
========================================================================
Received Import Request.
  Time since last request: 104.783407 seconds.
  path: Assets/2D Platformer Assets/Graphics/Player/player-idle.png
  artifactKey: Guid(d0ff653f4b4d3f14dab1926a9ed3efb6) Importer(815301076,1909f56bfc062723c751e8b465ee728b)
Start importing Assets/2D Platformer Assets/Graphics/Player/player-idle.png using Guid(d0ff653f4b4d3f14dab1926a9ed3efb6) Importer(815301076,1909f56bfc062723c751e8b465ee728b)  -> (artifact id: '5dcb2862890beeb78aee13662b603a71') in 0.027025 seconds 
========================================================================
Received Import Request.
  Time since last request: 8.098433 seconds.
  path: Assets/2D Platformer Assets/Graphics/Player/New Animation.anim
  artifactKey: Guid(7aee2b9b92541c5428db0b74cd642be7) Importer(815301076,1909f56bfc062723c751e8b465ee728b)
Start importing Assets/2D Platformer Assets/Graphics/Player/New Animation.anim using Guid(7aee2b9b92541c5428db0b74cd642be7) Importer(815301076,1909f56bfc062723c751e8b465ee728b)  -> (artifact id: 'ccbcbf8e0cdef3ef537717b8014f65e7') in 0.008959 seconds 
========================================================================
Received Import Request.
  Time since last request: 1.026190 seconds.
  path: Assets/2D Platformer Assets/Graphics/Player/player-idle_0.controller
  artifactKey: Guid(b3f3a592e8cb6d24aae740904e4ac75f) Importer(815301076,1909f56bfc062723c751e8b465ee728b)
Start importing Assets/2D Platformer Assets/Graphics/Player/player-idle_0.controller using Guid(b3f3a592e8cb6d24aae740904e4ac75f) Importer(815301076,1909f56bfc062723c751e8b465ee728b)  -> (artifact id: 'd30387af74bf02776d3a4bc76305c893') in 0.008611 seconds 
========================================================================
Received Import Request.
  Time since last request: 118.720359 seconds.
  path: Assets/2D Platformer Assets/Graphics/Player
  artifactKey: Guid(d8561e93fb0885643a928ae0cc44de1b) Importer(815301076,1909f56bfc062723c751e8b465ee728b)
Start importing Assets/2D Platformer Assets/Graphics/Player using Guid(d8561e93fb0885643a928ae0cc44de1b) Importer(815301076,1909f56bfc062723c751e8b465ee728b)  -> (artifact id: '761f45cbaf6d23270ed88388817942e0') in 0.009440 seconds 
========================================================================
Received Import Request.
  Time since last request: 10.691015 seconds.
  path: Assets/2D Platformer Assets/Graphics/Player/Sprites
  artifactKey: Guid(f94f58067ecbe0748a1bd423f9c02438) Importer(815301076,1909f56bfc062723c751e8b465ee728b)
Start importing Assets/2D Platformer Assets/Graphics/Player/Sprites using Guid(f94f58067ecbe0748a1bd423f9c02438) Importer(815301076,1909f56bfc062723c751e8b465ee728b)  -> (artifact id: '598ad97336b1ab516c3ec9ba62e0c677') in 0.006049 seconds 
========================================================================
Received Import Request.
  Time since last request: 31.049447 seconds.
  path: Assets/2D Platformer Assets/Graphics/Player/PlayerIdle.anim
  artifactKey: Guid(7aee2b9b92541c5428db0b74cd642be7) Importer(815301076,1909f56bfc062723c751e8b465ee728b)
Start importing Assets/2D Platformer Assets/Graphics/Player/PlayerIdle.anim using Guid(7aee2b9b92541c5428db0b74cd642be7) Importer(815301076,1909f56bfc062723c751e8b465ee728b)  -> (artifact id: '86789b778acee1a87829ecb99e119aed') in 0.163813 seconds 
========================================================================
Received Import Request.
  Time since last request: 6.597638 seconds.
  path: Assets/2D Platformer Assets/Graphics/Player/PlayerIdleAnimation.anim
  artifactKey: Guid(7aee2b9b92541c5428db0b74cd642be7) Importer(815301076,1909f56bfc062723c751e8b465ee728b)
Start importing Assets/2D Platformer Assets/Graphics/Player/PlayerIdleAnimation.anim using Guid(7aee2b9b92541c5428db0b74cd642be7) Importer(815301076,1909f56bfc062723c751e8b465ee728b)  -> (artifact id: '6b2be028c0ee76a78d448a82075deffb') in 0.006205 seconds 
========================================================================
Received Import Request.
  Time since last request: 14.439520 seconds.
  path: Assets/2D Platformer Assets/Graphics/Player/PlayerAnimation.controller
  artifactKey: Guid(b3f3a592e8cb6d24aae740904e4ac75f) Importer(815301076,1909f56bfc062723c751e8b465ee728b)
Start importing Assets/2D Platformer Assets/Graphics/Player/PlayerAnimation.controller using Guid(b3f3a592e8cb6d24aae740904e4ac75f) Importer(815301076,1909f56bfc062723c751e8b465ee728b)  -> (artifact id: 'e70e8200345f3623236f9367c1468f9d') in 0.007715 seconds 
========================================================================
Received Import Request.
  Time since last request: 10.449585 seconds.
  path: Assets/2D Platformer Assets/Graphics/Player/Animations
  artifactKey: Guid(882c0f350b85b78438c1987cfe7a2050) Importer(815301076,1909f56bfc062723c751e8b465ee728b)
Start importing Assets/2D Platformer Assets/Graphics/Player/Animations using Guid(882c0f350b85b78438c1987cfe7a2050) Importer(815301076,1909f56bfc062723c751e8b465ee728b)  -> (artifact id: '7b7facf6dac3a82f3afde99d9fb81b6e') in 0.006139 seconds 
========================================================================
Received Import Request.
  Time since last request: 12.511278 seconds.
  path: Assets/2D Platformer Assets/Graphics/Level Art/Props/rock.png
  artifactKey: Guid(22915f5332429ba40b073cac38461e2c) Importer(815301076,1909f56bfc062723c751e8b465ee728b)
Start importing Assets/2D Platformer Assets/Graphics/Level Art/Props/rock.png using Guid(22915f5332429ba40b073cac38461e2c) Importer(815301076,1909f56bfc062723c751e8b465ee728b)  -> (artifact id: 'ded561335c202343ce8e1054917808c2') in 0.023041 seconds 
========================================================================
Received Import Request.
  Time since last request: 0.000037 seconds.
  path: Assets/2D Platformer Assets/Graphics/Level Art/Props/sign.png
  artifactKey: Guid(832ced79a9978ce4eaa88d553f7a173f) Importer(815301076,1909f56bfc062723c751e8b465ee728b)
Start importing Assets/2D Platformer Assets/Graphics/Level Art/Props/sign.png using Guid(832ced79a9978ce4eaa88d553f7a173f) Importer(815301076,1909f56bfc062723c751e8b465ee728b)  -> (artifact id: '4148cb4ab33d061387364bdb9e488503') in 0.020894 seconds 
========================================================================
Received Import Request.
  Time since last request: 0.000028 seconds.
  path: Assets/2D Platformer Assets/Graphics/Level Art/Props/sign_glow.png
  artifactKey: Guid(0b6c56e957944bd4c8d837371265d8a9) Importer(815301076,1909f56bfc062723c751e8b465ee728b)
Start importing Assets/2D Platformer Assets/Graphics/Level Art/Props/sign_glow.png using Guid(0b6c56e957944bd4c8d837371265d8a9) Importer(815301076,1909f56bfc062723c751e8b465ee728b)  -> (artifact id: 'b96d797993fecb1c90b0c0abcf72bd06') in 0.020371 seconds 
Editor requested this worker to shutdown with reason: Scaling down because of idle timeout
AssetImportWorker is now disconnected from the server
Process exiting
Exiting without the bug reporter. Application will terminate with return code 0